2024-12-23 14:23:23,674 [Worker-6: Loading available Gradle versions] INFO  o.e.b.c.i.u.g.PublishedGradleVersions - Gradle version information cache is not available. Remote download required.
2024-12-23 14:29:23,848 [Worker-2: Loading available Gradle versions] INFO  o.e.b.c.i.u.g.PublishedGradleVersions - Gradle version information cache is up-to-date. Trying to read.
2024-12-23 14:30:19,708 [Worker-9: Importing Maven projects] INFO  o.e.m.c.i.l.LifecycleMappingFactory - Using org.eclipse.m2e.jdt.JarLifecycleMapping lifecycle mapping for MavenProject: com.microsift:fusion:v1.0 @ C:\Users\Sania Mir\OneDrive\Desktop\clone\fusion_backend\pom.xml.
2024-12-23 14:30:20,939 [Worker-9: Importing Maven projects] INFO  o.e.m.c.i.e.AbstractTransferListenerAdapter - Downloading https://repo.maven.apache.org/maven2/org/springframework/boot/spring-boot-starter-mail/3.4.1/spring-boot-starter-mail-3.4.1.pom
2024-12-23 14:30:20,991 [Worker-9: Importing Maven projects] INFO  o.e.m.c.i.e.AbstractTransferListenerAdapter - Downloaded https://repo.maven.apache.org/maven2/org/springframework/boot/spring-boot-starter-mail/3.4.1/spring-boot-starter-mail-3.4.1.pom
2024-12-23 14:30:21,126 [Worker-9: Importing Maven projects] INFO  o.e.m.c.i.e.AbstractTransferListenerAdapter - Downloading https://repo.maven.apache.org/maven2/org/springframework/spring-context-support/6.2.1/spring-context-support-6.2.1.pom
2024-12-23 14:30:21,155 [Worker-9: Importing Maven projects] INFO  o.e.m.c.i.e.AbstractTransferListenerAdapter - Downloaded https://repo.maven.apache.org/maven2/org/springframework/spring-context-support/6.2.1/spring-context-support-6.2.1.pom
2024-12-23 14:30:21,642 [Worker-9: Importing Maven projects] INFO  o.e.m.c.i.e.AbstractTransferListenerAdapter - Downloading https://repo.maven.apache.org/maven2/org/springframework/boot/spring-boot-starter-mail/3.4.1/spring-boot-starter-mail-3.4.1.jar
2024-12-23 14:30:21,700 [Worker-9: Importing Maven projects] INFO  o.e.m.c.i.e.AbstractTransferListenerAdapter - Downloaded https://repo.maven.apache.org/maven2/org/springframework/boot/spring-boot-starter-mail/3.4.1/spring-boot-starter-mail-3.4.1.jar
2024-12-23 14:30:21,794 [BasicRepositoryConnector-repo.maven.apache.org-0-0] INFO  o.e.m.c.i.e.AbstractTransferListenerAdapter - Downloading https://repo.maven.apache.org/maven2/org/springframework/spring-context-support/6.2.1/spring-context-support-6.2.1.jar
2024-12-23 14:30:22,029 [BasicRepositoryConnector-repo.maven.apache.org-0-0] INFO  o.e.m.c.i.e.AbstractTransferListenerAdapter - Downloaded https://repo.maven.apache.org/maven2/org/springframework/spring-context-support/6.2.1/spring-context-support-6.2.1.jar
2024-12-23 14:30:23,042 [Worker-9: Importing Maven projects] INFO  o.e.m.j.i.AbstractJavaProjectConfigurator - Adding source folder /fusion_backend/src/main/java
2024-12-23 14:30:23,045 [Worker-9: Importing Maven projects] INFO  o.e.m.j.i.AbstractJavaProjectConfigurator - Adding resource folder /fusion_backend/src/main/resources
2024-12-23 14:30:23,057 [Worker-9: Importing Maven projects] INFO  o.e.m.j.i.AbstractJavaProjectConfigurator - Adding resource folder /fusion_backend/src/main/resources
2024-12-23 14:30:23,067 [Worker-9: Importing Maven projects] INFO  o.e.m.j.i.AbstractJavaProjectConfigurator - Adding source folder /fusion_backend/src/test/java
2024-12-23 14:30:23,068 [Worker-9: Importing Maven projects] INFO  o.e.m.j.i.AbstractJavaProjectConfigurator - Adding resource folder /fusion_backend/src/test/resources
2024-12-23 14:30:24,080 [Worker-4: Download sources and javadoc] INFO  o.e.m.c.i.e.AbstractTransferListenerAdapter - Downloading https://repo.maven.apache.org/maven2/org/springframework/boot/spring-boot-starter-mail/3.4.1/spring-boot-starter-mail-3.4.1-sources.jar
2024-12-23 14:30:24,139 [Worker-4: Download sources and javadoc] INFO  o.e.m.c.i.e.AbstractTransferListenerAdapter - Downloaded https://repo.maven.apache.org/maven2/org/springframework/boot/spring-boot-starter-mail/3.4.1/spring-boot-starter-mail-3.4.1-sources.jar
2024-12-23 14:30:24,143 [Worker-4: Download sources and javadoc] INFO  o.e.m.j.internal.DownloadSourcesJob - Downloaded sources for org.springframework.boot:spring-boot-starter-mail:3.4.1
2024-12-23 14:30:24,179 [Worker-9: Importing Maven projects] INFO  o.e.m.c.i.p.ProjectConfigurationManager - Imported and configured 1 project(s) in 8 sec
2024-12-23 14:30:24,417 [Worker-4: Download sources and javadoc] INFO  o.e.m.c.i.e.AbstractTransferListenerAdapter - Downloading https://repo.maven.apache.org/maven2/org/springframework/spring-context-support/6.2.1/spring-context-support-6.2.1-sources.jar
2024-12-23 14:30:24,694 [Worker-4: Download sources and javadoc] INFO  o.e.m.c.i.e.AbstractTransferListenerAdapter - Downloaded https://repo.maven.apache.org/maven2/org/springframework/spring-context-support/6.2.1/spring-context-support-6.2.1-sources.jar
2024-12-23 14:30:24,698 [Worker-4: Download sources and javadoc] INFO  o.e.m.j.internal.DownloadSourcesJob - Downloaded sources for org.springframework:spring-context-support:6.2.1
2024-12-23 14:30:27,356 [Worker-4: Building] INFO  o.a.m.s.f.DefaultMavenResourcesFiltering - Copying 1 resource from src\main\resources to target\classes
2024-12-23 14:30:27,429 [Worker-4: Building] INFO  o.a.m.s.f.DefaultMavenResourcesFiltering - Copying 0 resource from src\main\resources to target\classes
2024-12-23 14:30:27,438 [Worker-4: Building] INFO  o.a.m.s.f.DefaultMavenResourcesFiltering - skip non existing resourceDirectory C:\Users\Sania Mir\OneDrive\Desktop\clone\fusion_backend\src\test\resources
2024-12-23 14:32:54,669 [main] INFO  o.e.m2e.actions.ExecutePomAction - Creating new launch configuration
2024-12-23 14:34:38,109 [Worker-10: Launching fusion_backend] INFO  o.eclipse.m2e.core.internal.Bundles - getClasspathEntries(Bundle=org.eclipse.m2e.maven.runtime_3.9.900.20240824-1409 [360])
2024-12-23 14:34:38,111 [Worker-10: Launching fusion_backend] INFO  o.eclipse.m2e.core.internal.Bundles - 	Entry: C:\Users\Sania Mir\OneDrive\Desktop\software\sts-4.26.0.RELEASE\plugins\org.eclipse.m2e.maven.runtime_3.9.900.20240824-1409
2024-12-23 14:34:38,111 [Worker-10: Launching fusion_backend] INFO  o.eclipse.m2e.core.internal.Bundles - 	Entry: C:\Users\Sania Mir\OneDrive\Desktop\software\sts-4.26.0.RELEASE\plugins\org.eclipse.m2e.maven.runtime_3.9.900.20240824-1409\jars\aopalliance-1.0.jar
2024-12-23 14:34:38,111 [Worker-10: Launching fusion_backend] INFO  o.eclipse.m2e.core.internal.Bundles - 	Entry: C:\Users\Sania Mir\OneDrive\Desktop\software\sts-4.26.0.RELEASE\plugins\org.eclipse.m2e.maven.runtime_3.9.900.20240824-1409\jars\guice-5.1.0.jar
2024-12-23 14:34:38,112 [Worker-10: Launching fusion_backend] INFO  o.eclipse.m2e.core.internal.Bundles - 	Entry: C:\Users\Sania Mir\OneDrive\Desktop\software\sts-4.26.0.RELEASE\plugins\org.eclipse.m2e.maven.runtime_3.9.900.20240824-1409\jars\httpclient-4.5.14.jar
2024-12-23 14:34:38,112 [Worker-10: Launching fusion_backend] INFO  o.eclipse.m2e.core.internal.Bundles - 	Entry: C:\Users\Sania Mir\OneDrive\Desktop\software\sts-4.26.0.RELEASE\plugins\org.eclipse.m2e.maven.runtime_3.9.900.20240824-1409\jars\httpcore-4.4.16.jar
2024-12-23 14:34:38,112 [Worker-10: Launching fusion_backend] INFO  o.eclipse.m2e.core.internal.Bundles - 	Entry: C:\Users\Sania Mir\OneDrive\Desktop\software\sts-4.26.0.RELEASE\plugins\org.eclipse.m2e.maven.runtime_3.9.900.20240824-1409\jars\jansi-2.4.1.jar
2024-12-23 14:34:38,112 [Worker-10: Launching fusion_backend] INFO  o.eclipse.m2e.core.internal.Bundles - 	Entry: C:\Users\Sania Mir\OneDrive\Desktop\software\sts-4.26.0.RELEASE\plugins\org.eclipse.m2e.maven.runtime_3.9.900.20240824-1409\jars\jcl-over-slf4j-1.7.36.jar
2024-12-23 14:34:38,112 [Worker-10: Launching fusion_backend] INFO  o.eclipse.m2e.core.internal.Bundles - 	Entry: C:\Users\Sania Mir\OneDrive\Desktop\software\sts-4.26.0.RELEASE\plugins\org.eclipse.m2e.maven.runtime_3.9.900.20240824-1409\jars\maven-artifact-3.9.9.jar
2024-12-23 14:34:38,113 [Worker-10: Launching fusion_backend] INFO  o.eclipse.m2e.core.internal.Bundles - 	Entry: C:\Users\Sania Mir\OneDrive\Desktop\software\sts-4.26.0.RELEASE\plugins\org.eclipse.m2e.maven.runtime_3.9.900.20240824-1409\jars\maven-builder-support-3.9.9.jar
2024-12-23 14:34:38,113 [Worker-10: Launching fusion_backend] INFO  o.eclipse.m2e.core.internal.Bundles - 	Entry: C:\Users\Sania Mir\OneDrive\Desktop\software\sts-4.26.0.RELEASE\plugins\org.eclipse.m2e.maven.runtime_3.9.900.20240824-1409\jars\maven-compat-3.9.9.jar
2024-12-23 14:34:38,113 [Worker-10: Launching fusion_backend] INFO  o.eclipse.m2e.core.internal.Bundles - 	Entry: C:\Users\Sania Mir\OneDrive\Desktop\software\sts-4.26.0.RELEASE\plugins\org.eclipse.m2e.maven.runtime_3.9.900.20240824-1409\jars\maven-core-3.9.9.jar
2024-12-23 14:34:38,113 [Worker-10: Launching fusion_backend] INFO  o.eclipse.m2e.core.internal.Bundles - 	Entry: C:\Users\Sania Mir\OneDrive\Desktop\software\sts-4.26.0.RELEASE\plugins\org.eclipse.m2e.maven.runtime_3.9.900.20240824-1409\jars\maven-embedder-3.9.9.jar
2024-12-23 14:34:38,114 [Worker-10: Launching fusion_backend] INFO  o.eclipse.m2e.core.internal.Bundles - 	Entry: C:\Users\Sania Mir\OneDrive\Desktop\software\sts-4.26.0.RELEASE\plugins\org.eclipse.m2e.maven.runtime_3.9.900.20240824-1409\jars\maven-model-3.9.9.jar
2024-12-23 14:34:38,115 [Worker-10: Launching fusion_backend] INFO  o.eclipse.m2e.core.internal.Bundles - 	Entry: C:\Users\Sania Mir\OneDrive\Desktop\software\sts-4.26.0.RELEASE\plugins\org.eclipse.m2e.maven.runtime_3.9.900.20240824-1409\jars\maven-model-builder-3.9.9.jar
2024-12-23 14:34:38,115 [Worker-10: Launching fusion_backend] INFO  o.eclipse.m2e.core.internal.Bundles - 	Entry: C:\Users\Sania Mir\OneDrive\Desktop\software\sts-4.26.0.RELEASE\plugins\org.eclipse.m2e.maven.runtime_3.9.900.20240824-1409\jars\maven-plugin-api-3.9.9.jar
2024-12-23 14:34:38,115 [Worker-10: Launching fusion_backend] INFO  o.eclipse.m2e.core.internal.Bundles - 	Entry: C:\Users\Sania Mir\OneDrive\Desktop\software\sts-4.26.0.RELEASE\plugins\org.eclipse.m2e.maven.runtime_3.9.900.20240824-1409\jars\maven-repository-metadata-3.9.9.jar
2024-12-23 14:34:38,115 [Worker-10: Launching fusion_backend] INFO  o.eclipse.m2e.core.internal.Bundles - 	Entry: C:\Users\Sania Mir\OneDrive\Desktop\software\sts-4.26.0.RELEASE\plugins\org.eclipse.m2e.maven.runtime_3.9.900.20240824-1409\jars\maven-resolver-api-1.9.22.jar
2024-12-23 14:34:38,115 [Worker-10: Launching fusion_backend] INFO  o.eclipse.m2e.core.internal.Bundles - 	Entry: C:\Users\Sania Mir\OneDrive\Desktop\software\sts-4.26.0.RELEASE\plugins\org.eclipse.m2e.maven.runtime_3.9.900.20240824-1409\jars\maven-resolver-connector-basic-1.9.22.jar
2024-12-23 14:34:38,115 [Worker-10: Launching fusion_backend] INFO  o.eclipse.m2e.core.internal.Bundles - 	Entry: C:\Users\Sania Mir\OneDrive\Desktop\software\sts-4.26.0.RELEASE\plugins\org.eclipse.m2e.maven.runtime_3.9.900.20240824-1409\jars\maven-resolver-impl-1.9.22.jar
2024-12-23 14:34:38,116 [Worker-10: Launching fusion_backend] INFO  o.eclipse.m2e.core.internal.Bundles - 	Entry: C:\Users\Sania Mir\OneDrive\Desktop\software\sts-4.26.0.RELEASE\plugins\org.eclipse.m2e.maven.runtime_3.9.900.20240824-1409\jars\maven-resolver-named-locks-1.9.22.jar
2024-12-23 14:34:38,116 [Worker-10: Launching fusion_backend] INFO  o.eclipse.m2e.core.internal.Bundles - 	Entry: C:\Users\Sania Mir\OneDrive\Desktop\software\sts-4.26.0.RELEASE\plugins\org.eclipse.m2e.maven.runtime_3.9.900.20240824-1409\jars\maven-resolver-provider-3.9.9.jar
2024-12-23 14:34:38,116 [Worker-10: Launching fusion_backend] INFO  o.eclipse.m2e.core.internal.Bundles - 	Entry: C:\Users\Sania Mir\OneDrive\Desktop\software\sts-4.26.0.RELEASE\plugins\org.eclipse.m2e.maven.runtime_3.9.900.20240824-1409\jars\maven-resolver-spi-1.9.22.jar
2024-12-23 14:34:38,116 [Worker-10: Launching fusion_backend] INFO  o.eclipse.m2e.core.internal.Bundles - 	Entry: C:\Users\Sania Mir\OneDrive\Desktop\software\sts-4.26.0.RELEASE\plugins\org.eclipse.m2e.maven.runtime_3.9.900.20240824-1409\jars\maven-resolver-transport-file-1.9.22.jar
2024-12-23 14:34:38,116 [Worker-10: Launching fusion_backend] INFO  o.eclipse.m2e.core.internal.Bundles - 	Entry: C:\Users\Sania Mir\OneDrive\Desktop\software\sts-4.26.0.RELEASE\plugins\org.eclipse.m2e.maven.runtime_3.9.900.20240824-1409\jars\maven-resolver-transport-http-1.9.22.jar
2024-12-23 14:34:38,116 [Worker-10: Launching fusion_backend] INFO  o.eclipse.m2e.core.internal.Bundles - 	Entry: C:\Users\Sania Mir\OneDrive\Desktop\software\sts-4.26.0.RELEASE\plugins\org.eclipse.m2e.maven.runtime_3.9.900.20240824-1409\jars\maven-resolver-transport-wagon-1.9.22.jar
2024-12-23 14:34:38,117 [Worker-10: Launching fusion_backend] INFO  o.eclipse.m2e.core.internal.Bundles - 	Entry: C:\Users\Sania Mir\OneDrive\Desktop\software\sts-4.26.0.RELEASE\plugins\org.eclipse.m2e.maven.runtime_3.9.900.20240824-1409\jars\maven-resolver-util-1.9.22.jar
2024-12-23 14:34:38,117 [Worker-10: Launching fusion_backend] INFO  o.eclipse.m2e.core.internal.Bundles - 	Entry: C:\Users\Sania Mir\OneDrive\Desktop\software\sts-4.26.0.RELEASE\plugins\org.eclipse.m2e.maven.runtime_3.9.900.20240824-1409\jars\maven-settings-3.9.9.jar
2024-12-23 14:34:38,117 [Worker-10: Launching fusion_backend] INFO  o.eclipse.m2e.core.internal.Bundles - 	Entry: C:\Users\Sania Mir\OneDrive\Desktop\software\sts-4.26.0.RELEASE\plugins\org.eclipse.m2e.maven.runtime_3.9.900.20240824-1409\jars\maven-settings-builder-3.9.9.jar
2024-12-23 14:34:38,117 [Worker-10: Launching fusion_backend] INFO  o.eclipse.m2e.core.internal.Bundles - 	Entry: C:\Users\Sania Mir\OneDrive\Desktop\software\sts-4.26.0.RELEASE\plugins\org.eclipse.m2e.maven.runtime_3.9.900.20240824-1409\jars\maven-shared-utils-3.4.2.jar
2024-12-23 14:34:38,117 [Worker-10: Launching fusion_backend] INFO  o.eclipse.m2e.core.internal.Bundles - 	Entry: C:\Users\Sania Mir\OneDrive\Desktop\software\sts-4.26.0.RELEASE\plugins\org.eclipse.m2e.maven.runtime_3.9.900.20240824-1409\jars\org.eclipse.sisu.inject-0.9.0.M3.jar
2024-12-23 14:34:38,117 [Worker-10: Launching fusion_backend] INFO  o.eclipse.m2e.core.internal.Bundles - 	Entry: C:\Users\Sania Mir\OneDrive\Desktop\software\sts-4.26.0.RELEASE\plugins\org.eclipse.m2e.maven.runtime_3.9.900.20240824-1409\jars\org.eclipse.sisu.plexus-0.9.0.M3.jar
2024-12-23 14:34:38,118 [Worker-10: Launching fusion_backend] INFO  o.eclipse.m2e.core.internal.Bundles - 	Entry: C:\Users\Sania Mir\OneDrive\Desktop\software\sts-4.26.0.RELEASE\plugins\org.eclipse.m2e.maven.runtime_3.9.900.20240824-1409\jars\plexus-build-api-0.0.7.jar
2024-12-23 14:34:38,118 [Worker-10: Launching fusion_backend] INFO  o.eclipse.m2e.core.internal.Bundles - 	Entry: C:\Users\Sania Mir\OneDrive\Desktop\software\sts-4.26.0.RELEASE\plugins\org.eclipse.m2e.maven.runtime_3.9.900.20240824-1409\jars\plexus-build-api-1.2.0.jar
2024-12-23 14:34:38,118 [Worker-10: Launching fusion_backend] INFO  o.eclipse.m2e.core.internal.Bundles - 	Entry: C:\Users\Sania Mir\OneDrive\Desktop\software\sts-4.26.0.RELEASE\plugins\org.eclipse.m2e.maven.runtime_3.9.900.20240824-1409\jars\plexus-cipher-2.0.jar
2024-12-23 14:34:38,118 [Worker-10: Launching fusion_backend] INFO  o.eclipse.m2e.core.internal.Bundles - 	Entry: C:\Users\Sania Mir\OneDrive\Desktop\software\sts-4.26.0.RELEASE\plugins\org.eclipse.m2e.maven.runtime_3.9.900.20240824-1409\jars\plexus-classworlds-2.8.0.jar
2024-12-23 14:34:38,118 [Worker-10: Launching fusion_backend] INFO  o.eclipse.m2e.core.internal.Bundles - 	Entry: C:\Users\Sania Mir\OneDrive\Desktop\software\sts-4.26.0.RELEASE\plugins\org.eclipse.m2e.maven.runtime_3.9.900.20240824-1409\jars\plexus-component-annotations-2.1.0.jar
2024-12-23 14:34:38,118 [Worker-10: Launching fusion_backend] INFO  o.eclipse.m2e.core.internal.Bundles - 	Entry: C:\Users\Sania Mir\OneDrive\Desktop\software\sts-4.26.0.RELEASE\plugins\org.eclipse.m2e.maven.runtime_3.9.900.20240824-1409\jars\plexus-interpolation-1.27.jar
2024-12-23 14:34:38,118 [Worker-10: Launching fusion_backend] INFO  o.eclipse.m2e.core.internal.Bundles - 	Entry: C:\Users\Sania Mir\OneDrive\Desktop\software\sts-4.26.0.RELEASE\plugins\org.eclipse.m2e.maven.runtime_3.9.900.20240824-1409\jars\plexus-sec-dispatcher-2.0.jar
2024-12-23 14:34:38,119 [Worker-10: Launching fusion_backend] INFO  o.eclipse.m2e.core.internal.Bundles - 	Entry: C:\Users\Sania Mir\OneDrive\Desktop\software\sts-4.26.0.RELEASE\plugins\org.eclipse.m2e.maven.runtime_3.9.900.20240824-1409\jars\plexus-utils-3.5.1.jar
2024-12-23 14:34:38,119 [Worker-10: Launching fusion_backend] INFO  o.eclipse.m2e.core.internal.Bundles - 	Entry: C:\Users\Sania Mir\OneDrive\Desktop\software\sts-4.26.0.RELEASE\plugins\org.eclipse.m2e.maven.runtime_3.9.900.20240824-1409\jars\plexus-xml-3.0.1.jar
2024-12-23 14:34:38,119 [Worker-10: Launching fusion_backend] INFO  o.eclipse.m2e.core.internal.Bundles - 	Entry: C:\Users\Sania Mir\OneDrive\Desktop\software\sts-4.26.0.RELEASE\plugins\org.eclipse.m2e.maven.runtime_3.9.900.20240824-1409\jars\wagon-file-3.5.3.jar
2024-12-23 14:34:38,119 [Worker-10: Launching fusion_backend] INFO  o.eclipse.m2e.core.internal.Bundles - 	Entry: C:\Users\Sania Mir\OneDrive\Desktop\software\sts-4.26.0.RELEASE\plugins\org.eclipse.m2e.maven.runtime_3.9.900.20240824-1409\jars\wagon-http-3.5.3.jar
2024-12-23 14:34:38,120 [Worker-10: Launching fusion_backend] INFO  o.eclipse.m2e.core.internal.Bundles - 	Entry: C:\Users\Sania Mir\OneDrive\Desktop\software\sts-4.26.0.RELEASE\plugins\org.eclipse.m2e.maven.runtime_3.9.900.20240824-1409\jars\wagon-http-shared-3.5.3.jar
2024-12-23 14:34:38,120 [Worker-10: Launching fusion_backend] INFO  o.eclipse.m2e.core.internal.Bundles - 	Entry: C:\Users\Sania Mir\OneDrive\Desktop\software\sts-4.26.0.RELEASE\plugins\org.eclipse.m2e.maven.runtime_3.9.900.20240824-1409\jars\wagon-provider-api-3.5.3.jar
2024-12-23 14:34:38,121 [Worker-10: Launching fusion_backend] INFO  o.eclipse.m2e.core.internal.Bundles - getClasspathEntries(Bundle=com.google.guava_33.3.0.jre [29])
2024-12-23 14:34:38,122 [Worker-10: Launching fusion_backend] INFO  o.eclipse.m2e.core.internal.Bundles - 	Entry: C:\Users\Sania Mir\OneDrive\Desktop\software\sts-4.26.0.RELEASE\plugins\com.google.guava_33.3.0.jre.jar
2024-12-23 14:34:38,122 [Worker-10: Launching fusion_backend] INFO  o.eclipse.m2e.core.internal.Bundles - getClasspathEntries(Bundle=slf4j.api_2.0.16 [593])
2024-12-23 14:34:38,123 [Worker-10: Launching fusion_backend] INFO  o.eclipse.m2e.core.internal.Bundles - 	Entry: C:\Users\Sania Mir\OneDrive\Desktop\software\sts-4.26.0.RELEASE\plugins\slf4j.api_2.0.16.jar
2024-12-23 14:34:38,123 [Worker-10: Launching fusion_backend] INFO  o.eclipse.m2e.core.internal.Bundles - getClasspathEntries(Bundle=jakarta.inject.jakarta.inject-api_1.0.5 [45])
2024-12-23 14:34:38,123 [Worker-10: Launching fusion_backend] INFO  o.eclipse.m2e.core.internal.Bundles - 	Entry: C:\Users\Sania Mir\OneDrive\Desktop\software\sts-4.26.0.RELEASE\plugins\jakarta.inject.jakarta.inject-api_1.0.5.jar
2024-12-23 14:34:38,123 [Worker-10: Launching fusion_backend] INFO  o.eclipse.m2e.core.internal.Bundles - getClasspathEntries(Bundle=jakarta.annotation-api_1.3.5 [41])
2024-12-23 14:34:38,124 [Worker-10: Launching fusion_backend] INFO  o.eclipse.m2e.core.internal.Bundles - 	Entry: C:\Users\Sania Mir\OneDrive\Desktop\software\sts-4.26.0.RELEASE\plugins\jakarta.annotation-api_1.3.5.jar
2024-12-23 14:34:38,124 [Worker-10: Launching fusion_backend] INFO  o.eclipse.m2e.core.internal.Bundles - getClasspathEntries(Bundle=org.apache.commons.cli_1.9.0 [77])
2024-12-23 14:34:38,125 [Worker-10: Launching fusion_backend] INFO  o.eclipse.m2e.core.internal.Bundles - 	Entry: C:\Users\Sania Mir\OneDrive\Desktop\software\sts-4.26.0.RELEASE\plugins\org.apache.commons.cli_1.9.0.jar
2024-12-23 14:34:38,125 [Worker-10: Launching fusion_backend] INFO  o.eclipse.m2e.core.internal.Bundles - getClasspathEntries(Bundle=org.apache.commons.commons-codec_1.16.0 [80])
2024-12-23 14:34:38,126 [Worker-10: Launching fusion_backend] INFO  o.eclipse.m2e.core.internal.Bundles - 	Entry: C:\Users\Sania Mir\OneDrive\Desktop\software\sts-4.26.0.RELEASE\plugins\org.apache.commons.commons-codec_1.16.0.jar
2024-12-23 14:34:38,126 [Worker-10: Launching fusion_backend] INFO  o.eclipse.m2e.core.internal.Bundles - getClasspathEntries(Bundle=com.google.guava.failureaccess_1.0.2 [30])
2024-12-23 14:34:38,127 [Worker-10: Launching fusion_backend] INFO  o.eclipse.m2e.core.internal.Bundles - 	Entry: C:\Users\Sania Mir\OneDrive\Desktop\software\sts-4.26.0.RELEASE\plugins\com.google.guava.failureaccess_1.0.2.jar
2024-12-23 14:34:38,130 [Worker-10: Launching fusion_backend] INFO  o.e.m.i.launch.MavenLaunchDelegate - Run build in "C:\Users\Sania Mir\OneDrive\Desktop\clone\fusion_backend":
2024-12-23 14:34:38,153 [Worker-10: Launching fusion_backend] INFO  o.e.m.i.launch.MavenLaunchDelegate -  mvn  -B -Dstyle.color=always clean install
2024-12-23 14:39:53,220 [Worker-11: Building] INFO  o.a.m.s.f.DefaultMavenResourcesFiltering - Copying 1 resource from src\main\resources to target\classes
2024-12-23 14:39:53,228 [Worker-11: Building] INFO  o.a.m.s.f.DefaultMavenResourcesFiltering - Copying 0 resource from src\main\resources to target\classes
2024-12-23 14:39:53,232 [Worker-11: Building] INFO  o.a.m.s.f.DefaultMavenResourcesFiltering - skip non existing resourceDirectory C:\Users\Sania Mir\OneDrive\Desktop\clone\fusion_backend\src\test\resources
2024-12-23 14:40:43,472 [Worker-7: Building] INFO  o.a.m.s.f.DefaultMavenResourcesFiltering - Copying 1 resource from src\main\resources to target\classes
2024-12-23 14:40:43,489 [Worker-7: Building] INFO  o.a.m.s.f.DefaultMavenResourcesFiltering - Copying 0 resource from src\main\resources to target\classes
2024-12-23 14:40:43,493 [Worker-7: Building] INFO  o.a.m.s.f.DefaultMavenResourcesFiltering - skip non existing resourceDirectory C:\Users\Sania Mir\OneDrive\Desktop\clone\fusion_backend\src\test\resources
2024-12-23 14:41:33,833 [Worker-15: Building] INFO  o.a.m.s.f.DefaultMavenResourcesFiltering - Copying 1 resource from src\main\resources to target\classes
2024-12-23 14:41:33,839 [Worker-15: Building] INFO  o.a.m.s.f.DefaultMavenResourcesFiltering - Copying 0 resource from src\main\resources to target\classes
2024-12-23 14:41:33,843 [Worker-15: Building] INFO  o.a.m.s.f.DefaultMavenResourcesFiltering - skip non existing resourceDirectory C:\Users\Sania Mir\OneDrive\Desktop\clone\fusion_backend\src\test\resources
2024-12-23 14:43:31,174 [Worker-15: Building] INFO  o.a.m.s.f.DefaultMavenResourcesFiltering - Copying 1 resource from src\main\resources to target\classes
2024-12-23 14:43:31,181 [Worker-15: Building] INFO  o.a.m.s.f.DefaultMavenResourcesFiltering - Copying 0 resource from src\main\resources to target\classes
2024-12-23 14:43:31,185 [Worker-15: Building] INFO  o.a.m.s.f.DefaultMavenResourcesFiltering - skip non existing resourceDirectory C:\Users\Sania Mir\OneDrive\Desktop\clone\fusion_backend\src\test\resources
2024-12-23 15:07:39,165 [Worker-18: Building] INFO  o.a.m.s.f.DefaultMavenResourcesFiltering - Copying 1 resource from src\main\resources to target\classes
2024-12-23 15:07:39,171 [Worker-18: Building] INFO  o.a.m.s.f.DefaultMavenResourcesFiltering - Copying 0 resource from src\main\resources to target\classes
2024-12-23 15:07:39,174 [Worker-18: Building] INFO  o.a.m.s.f.DefaultMavenResourcesFiltering - skip non existing resourceDirectory C:\Users\Sania Mir\OneDrive\Desktop\clone\fusion_backend\src\test\resources
2024-12-23 15:08:46,844 [Worker-18: Building] INFO  o.a.m.s.f.DefaultMavenResourcesFiltering - Copying 1 resource from src\main\resources to target\classes
2024-12-23 15:08:46,852 [Worker-18: Building] INFO  o.a.m.s.f.DefaultMavenResourcesFiltering - Copying 0 resource from src\main\resources to target\classes
2024-12-23 15:08:46,856 [Worker-18: Building] INFO  o.a.m.s.f.DefaultMavenResourcesFiltering - skip non existing resourceDirectory C:\Users\Sania Mir\OneDrive\Desktop\clone\fusion_backend\src\test\resources
2024-12-23 15:09:34,772 [Worker-19: Building] INFO  o.a.m.s.f.DefaultMavenResourcesFiltering - Copying 1 resource from src\main\resources to target\classes
2024-12-23 15:09:34,781 [Worker-19: Building] INFO  o.a.m.s.f.DefaultMavenResourcesFiltering - Copying 0 resource from src\main\resources to target\classes
2024-12-23 15:09:34,785 [Worker-19: Building] INFO  o.a.m.s.f.DefaultMavenResourcesFiltering - skip non existing resourceDirectory C:\Users\Sania Mir\OneDrive\Desktop\clone\fusion_backend\src\test\resources
2024-12-23 15:09:45,598 [Worker-15: Building] INFO  o.a.m.s.f.DefaultMavenResourcesFiltering - Copying 1 resource from src\main\resources to target\classes
2024-12-23 15:09:45,604 [Worker-15: Building] INFO  o.a.m.s.f.DefaultMavenResourcesFiltering - Copying 0 resource from src\main\resources to target\classes
2024-12-23 15:09:45,607 [Worker-15: Building] INFO  o.a.m.s.f.DefaultMavenResourcesFiltering - skip non existing resourceDirectory C:\Users\Sania Mir\OneDrive\Desktop\clone\fusion_backend\src\test\resources
2024-12-23 15:09:52,160 [Worker-7: Building] INFO  o.a.m.s.f.DefaultMavenResourcesFiltering - Copying 1 resource from src\main\resources to target\classes
2024-12-23 15:09:52,165 [Worker-7: Building] INFO  o.a.m.s.f.DefaultMavenResourcesFiltering - Copying 0 resource from src\main\resources to target\classes
2024-12-23 15:09:52,169 [Worker-7: Building] INFO  o.a.m.s.f.DefaultMavenResourcesFiltering - skip non existing resourceDirectory C:\Users\Sania Mir\OneDrive\Desktop\clone\fusion_backend\src\test\resources
2024-12-23 15:10:02,054 [Worker-15: Building] INFO  o.a.m.s.f.DefaultMavenResourcesFiltering - Copying 1 resource from src\main\resources to target\classes
2024-12-23 15:10:02,058 [Worker-15: Building] INFO  o.a.m.s.f.DefaultMavenResourcesFiltering - Copying 0 resource from src\main\resources to target\classes
2024-12-23 15:10:02,060 [Worker-15: Building] INFO  o.a.m.s.f.DefaultMavenResourcesFiltering - skip non existing resourceDirectory C:\Users\Sania Mir\OneDrive\Desktop\clone\fusion_backend\src\test\resources
2024-12-23 15:10:10,566 [Worker-18: Building] INFO  o.a.m.s.f.DefaultMavenResourcesFiltering - Copying 1 resource from src\main\resources to target\classes
2024-12-23 15:10:10,581 [Worker-18: Building] INFO  o.a.m.s.f.DefaultMavenResourcesFiltering - Copying 0 resource from src\main\resources to target\classes
2024-12-23 15:10:10,584 [Worker-18: Building] INFO  o.a.m.s.f.DefaultMavenResourcesFiltering - skip non existing resourceDirectory C:\Users\Sania Mir\OneDrive\Desktop\clone\fusion_backend\src\test\resources
2024-12-23 15:12:45,984 [Worker-22: Building] INFO  o.a.m.s.f.DefaultMavenResourcesFiltering - Copying 1 resource from src\main\resources to target\classes
2024-12-23 15:12:45,989 [Worker-22: Building] INFO  o.a.m.s.f.DefaultMavenResourcesFiltering - Copying 0 resource from src\main\resources to target\classes
2024-12-23 15:12:45,992 [Worker-22: Building] INFO  o.a.m.s.f.DefaultMavenResourcesFiltering - skip non existing resourceDirectory C:\Users\Sania Mir\OneDrive\Desktop\clone\fusion_backend\src\test\resources
2024-12-23 15:19:58,291 [main] INFO  o.e.m2e.actions.ExecutePomAction - Creating new launch configuration
2024-12-23 15:20:15,700 [Worker-27: Launching fusion_backend (1)] INFO  o.eclipse.m2e.core.internal.Bundles - getClasspathEntries(Bundle=org.eclipse.m2e.maven.runtime_3.9.900.20240824-1409 [360])
2024-12-23 15:20:15,700 [Worker-27: Launching fusion_backend (1)] INFO  o.eclipse.m2e.core.internal.Bundles - 	Entry: C:\Users\Sania Mir\OneDrive\Desktop\software\sts-4.26.0.RELEASE\plugins\org.eclipse.m2e.maven.runtime_3.9.900.20240824-1409
2024-12-23 15:20:15,700 [Worker-27: Launching fusion_backend (1)] INFO  o.eclipse.m2e.core.internal.Bundles - 	Entry: C:\Users\Sania Mir\OneDrive\Desktop\software\sts-4.26.0.RELEASE\plugins\org.eclipse.m2e.maven.runtime_3.9.900.20240824-1409\jars\aopalliance-1.0.jar
2024-12-23 15:20:15,700 [Worker-27: Launching fusion_backend (1)] INFO  o.eclipse.m2e.core.internal.Bundles - 	Entry: C:\Users\Sania Mir\OneDrive\Desktop\software\sts-4.26.0.RELEASE\plugins\org.eclipse.m2e.maven.runtime_3.9.900.20240824-1409\jars\guice-5.1.0.jar
2024-12-23 15:20:15,700 [Worker-27: Launching fusion_backend (1)] INFO  o.eclipse.m2e.core.internal.Bundles - 	Entry: C:\Users\Sania Mir\OneDrive\Desktop\software\sts-4.26.0.RELEASE\plugins\org.eclipse.m2e.maven.runtime_3.9.900.20240824-1409\jars\httpclient-4.5.14.jar
2024-12-23 15:20:15,700 [Worker-27: Launching fusion_backend (1)] INFO  o.eclipse.m2e.core.internal.Bundles - 	Entry: C:\Users\Sania Mir\OneDrive\Desktop\software\sts-4.26.0.RELEASE\plugins\org.eclipse.m2e.maven.runtime_3.9.900.20240824-1409\jars\httpcore-4.4.16.jar
2024-12-23 15:20:15,700 [Worker-27: Launching fusion_backend (1)] INFO  o.eclipse.m2e.core.internal.Bundles - 	Entry: C:\Users\Sania Mir\OneDrive\Desktop\software\sts-4.26.0.RELEASE\plugins\org.eclipse.m2e.maven.runtime_3.9.900.20240824-1409\jars\jansi-2.4.1.jar
2024-12-23 15:20:15,700 [Worker-27: Launching fusion_backend (1)] INFO  o.eclipse.m2e.core.internal.Bundles - 	Entry: C:\Users\Sania Mir\OneDrive\Desktop\software\sts-4.26.0.RELEASE\plugins\org.eclipse.m2e.maven.runtime_3.9.900.20240824-1409\jars\jcl-over-slf4j-1.7.36.jar
2024-12-23 15:20:15,701 [Worker-27: Launching fusion_backend (1)] INFO  o.eclipse.m2e.core.internal.Bundles - 	Entry: C:\Users\Sania Mir\OneDrive\Desktop\software\sts-4.26.0.RELEASE\plugins\org.eclipse.m2e.maven.runtime_3.9.900.20240824-1409\jars\maven-artifact-3.9.9.jar
2024-12-23 15:20:15,701 [Worker-27: Launching fusion_backend (1)] INFO  o.eclipse.m2e.core.internal.Bundles - 	Entry: C:\Users\Sania Mir\OneDrive\Desktop\software\sts-4.26.0.RELEASE\plugins\org.eclipse.m2e.maven.runtime_3.9.900.20240824-1409\jars\maven-builder-support-3.9.9.jar
2024-12-23 15:20:15,701 [Worker-27: Launching fusion_backend (1)] INFO  o.eclipse.m2e.core.internal.Bundles - 	Entry: C:\Users\Sania Mir\OneDrive\Desktop\software\sts-4.26.0.RELEASE\plugins\org.eclipse.m2e.maven.runtime_3.9.900.20240824-1409\jars\maven-compat-3.9.9.jar
2024-12-23 15:20:15,701 [Worker-27: Launching fusion_backend (1)] INFO  o.eclipse.m2e.core.internal.Bundles - 	Entry: C:\Users\Sania Mir\OneDrive\Desktop\software\sts-4.26.0.RELEASE\plugins\org.eclipse.m2e.maven.runtime_3.9.900.20240824-1409\jars\maven-core-3.9.9.jar
2024-12-23 15:20:15,701 [Worker-27: Launching fusion_backend (1)] INFO  o.eclipse.m2e.core.internal.Bundles - 	Entry: C:\Users\Sania Mir\OneDrive\Desktop\software\sts-4.26.0.RELEASE\plugins\org.eclipse.m2e.maven.runtime_3.9.900.20240824-1409\jars\maven-embedder-3.9.9.jar
2024-12-23 15:20:15,701 [Worker-27: Launching fusion_backend (1)] INFO  o.eclipse.m2e.core.internal.Bundles - 	Entry: C:\Users\Sania Mir\OneDrive\Desktop\software\sts-4.26.0.RELEASE\plugins\org.eclipse.m2e.maven.runtime_3.9.900.20240824-1409\jars\maven-model-3.9.9.jar
2024-12-23 15:20:15,701 [Worker-27: Launching fusion_backend (1)] INFO  o.eclipse.m2e.core.internal.Bundles - 	Entry: C:\Users\Sania Mir\OneDrive\Desktop\software\sts-4.26.0.RELEASE\plugins\org.eclipse.m2e.maven.runtime_3.9.900.20240824-1409\jars\maven-model-builder-3.9.9.jar
2024-12-23 15:20:15,701 [Worker-27: Launching fusion_backend (1)] INFO  o.eclipse.m2e.core.internal.Bundles - 	Entry: C:\Users\Sania Mir\OneDrive\Desktop\software\sts-4.26.0.RELEASE\plugins\org.eclipse.m2e.maven.runtime_3.9.900.20240824-1409\jars\maven-plugin-api-3.9.9.jar
2024-12-23 15:20:15,701 [Worker-27: Launching fusion_backend (1)] INFO  o.eclipse.m2e.core.internal.Bundles - 	Entry: C:\Users\Sania Mir\OneDrive\Desktop\software\sts-4.26.0.RELEASE\plugins\org.eclipse.m2e.maven.runtime_3.9.900.20240824-1409\jars\maven-repository-metadata-3.9.9.jar
2024-12-23 15:20:15,701 [Worker-27: Launching fusion_backend (1)] INFO  o.eclipse.m2e.core.internal.Bundles - 	Entry: C:\Users\Sania Mir\OneDrive\Desktop\software\sts-4.26.0.RELEASE\plugins\org.eclipse.m2e.maven.runtime_3.9.900.20240824-1409\jars\maven-resolver-api-1.9.22.jar
2024-12-23 15:20:15,702 [Worker-27: Launching fusion_backend (1)] INFO  o.eclipse.m2e.core.internal.Bundles - 	Entry: C:\Users\Sania Mir\OneDrive\Desktop\software\sts-4.26.0.RELEASE\plugins\org.eclipse.m2e.maven.runtime_3.9.900.20240824-1409\jars\maven-resolver-connector-basic-1.9.22.jar
2024-12-23 15:20:15,702 [Worker-27: Launching fusion_backend (1)] INFO  o.eclipse.m2e.core.internal.Bundles - 	Entry: C:\Users\Sania Mir\OneDrive\Desktop\software\sts-4.26.0.RELEASE\plugins\org.eclipse.m2e.maven.runtime_3.9.900.20240824-1409\jars\maven-resolver-impl-1.9.22.jar
2024-12-23 15:20:15,702 [Worker-27: Launching fusion_backend (1)] INFO  o.eclipse.m2e.core.internal.Bundles - 	Entry: C:\Users\Sania Mir\OneDrive\Desktop\software\sts-4.26.0.RELEASE\plugins\org.eclipse.m2e.maven.runtime_3.9.900.20240824-1409\jars\maven-resolver-named-locks-1.9.22.jar
2024-12-23 15:20:15,702 [Worker-27: Launching fusion_backend (1)] INFO  o.eclipse.m2e.core.internal.Bundles - 	Entry: C:\Users\Sania Mir\OneDrive\Desktop\software\sts-4.26.0.RELEASE\plugins\org.eclipse.m2e.maven.runtime_3.9.900.20240824-1409\jars\maven-resolver-provider-3.9.9.jar
2024-12-23 15:20:15,702 [Worker-27: Launching fusion_backend (1)] INFO  o.eclipse.m2e.core.internal.Bundles - 	Entry: C:\Users\Sania Mir\OneDrive\Desktop\software\sts-4.26.0.RELEASE\plugins\org.eclipse.m2e.maven.runtime_3.9.900.20240824-1409\jars\maven-resolver-spi-1.9.22.jar
2024-12-23 15:20:15,702 [Worker-27: Launching fusion_backend (1)] INFO  o.eclipse.m2e.core.internal.Bundles - 	Entry: C:\Users\Sania Mir\OneDrive\Desktop\software\sts-4.26.0.RELEASE\plugins\org.eclipse.m2e.maven.runtime_3.9.900.20240824-1409\jars\maven-resolver-transport-file-1.9.22.jar
2024-12-23 15:20:15,702 [Worker-27: Launching fusion_backend (1)] INFO  o.eclipse.m2e.core.internal.Bundles - 	Entry: C:\Users\Sania Mir\OneDrive\Desktop\software\sts-4.26.0.RELEASE\plugins\org.eclipse.m2e.maven.runtime_3.9.900.20240824-1409\jars\maven-resolver-transport-http-1.9.22.jar
2024-12-23 15:20:15,702 [Worker-27: Launching fusion_backend (1)] INFO  o.eclipse.m2e.core.internal.Bundles - 	Entry: C:\Users\Sania Mir\OneDrive\Desktop\software\sts-4.26.0.RELEASE\plugins\org.eclipse.m2e.maven.runtime_3.9.900.20240824-1409\jars\maven-resolver-transport-wagon-1.9.22.jar
2024-12-23 15:20:15,702 [Worker-27: Launching fusion_backend (1)] INFO  o.eclipse.m2e.core.internal.Bundles - 	Entry: C:\Users\Sania Mir\OneDrive\Desktop\software\sts-4.26.0.RELEASE\plugins\org.eclipse.m2e.maven.runtime_3.9.900.20240824-1409\jars\maven-resolver-util-1.9.22.jar
2024-12-23 15:20:15,702 [Worker-27: Launching fusion_backend (1)] INFO  o.eclipse.m2e.core.internal.Bundles - 	Entry: C:\Users\Sania Mir\OneDrive\Desktop\software\sts-4.26.0.RELEASE\plugins\org.eclipse.m2e.maven.runtime_3.9.900.20240824-1409\jars\maven-settings-3.9.9.jar
2024-12-23 15:20:15,702 [Worker-27: Launching fusion_backend (1)] INFO  o.eclipse.m2e.core.internal.Bundles - 	Entry: C:\Users\Sania Mir\OneDrive\Desktop\software\sts-4.26.0.RELEASE\plugins\org.eclipse.m2e.maven.runtime_3.9.900.20240824-1409\jars\maven-settings-builder-3.9.9.jar
2024-12-23 15:20:15,703 [Worker-27: Launching fusion_backend (1)] INFO  o.eclipse.m2e.core.internal.Bundles - 	Entry: C:\Users\Sania Mir\OneDrive\Desktop\software\sts-4.26.0.RELEASE\plugins\org.eclipse.m2e.maven.runtime_3.9.900.20240824-1409\jars\maven-shared-utils-3.4.2.jar
2024-12-23 15:20:15,703 [Worker-27: Launching fusion_backend (1)] INFO  o.eclipse.m2e.core.internal.Bundles - 	Entry: C:\Users\Sania Mir\OneDrive\Desktop\software\sts-4.26.0.RELEASE\plugins\org.eclipse.m2e.maven.runtime_3.9.900.20240824-1409\jars\org.eclipse.sisu.inject-0.9.0.M3.jar
2024-12-23 15:20:15,703 [Worker-27: Launching fusion_backend (1)] INFO  o.eclipse.m2e.core.internal.Bundles - 	Entry: C:\Users\Sania Mir\OneDrive\Desktop\software\sts-4.26.0.RELEASE\plugins\org.eclipse.m2e.maven.runtime_3.9.900.20240824-1409\jars\org.eclipse.sisu.plexus-0.9.0.M3.jar
2024-12-23 15:20:15,703 [Worker-27: Launching fusion_backend (1)] INFO  o.eclipse.m2e.core.internal.Bundles - 	Entry: C:\Users\Sania Mir\OneDrive\Desktop\software\sts-4.26.0.RELEASE\plugins\org.eclipse.m2e.maven.runtime_3.9.900.20240824-1409\jars\plexus-build-api-0.0.7.jar
2024-12-23 15:20:15,703 [Worker-27: Launching fusion_backend (1)] INFO  o.eclipse.m2e.core.internal.Bundles - 	Entry: C:\Users\Sania Mir\OneDrive\Desktop\software\sts-4.26.0.RELEASE\plugins\org.eclipse.m2e.maven.runtime_3.9.900.20240824-1409\jars\plexus-build-api-1.2.0.jar
2024-12-23 15:20:15,703 [Worker-27: Launching fusion_backend (1)] INFO  o.eclipse.m2e.core.internal.Bundles - 	Entry: C:\Users\Sania Mir\OneDrive\Desktop\software\sts-4.26.0.RELEASE\plugins\org.eclipse.m2e.maven.runtime_3.9.900.20240824-1409\jars\plexus-cipher-2.0.jar
2024-12-23 15:20:15,703 [Worker-27: Launching fusion_backend (1)] INFO  o.eclipse.m2e.core.internal.Bundles - 	Entry: C:\Users\Sania Mir\OneDrive\Desktop\software\sts-4.26.0.RELEASE\plugins\org.eclipse.m2e.maven.runtime_3.9.900.20240824-1409\jars\plexus-classworlds-2.8.0.jar
2024-12-23 15:20:15,703 [Worker-27: Launching fusion_backend (1)] INFO  o.eclipse.m2e.core.internal.Bundles - 	Entry: C:\Users\Sania Mir\OneDrive\Desktop\software\sts-4.26.0.RELEASE\plugins\org.eclipse.m2e.maven.runtime_3.9.900.20240824-1409\jars\plexus-component-annotations-2.1.0.jar
2024-12-23 15:20:15,703 [Worker-27: Launching fusion_backend (1)] INFO  o.eclipse.m2e.core.internal.Bundles - 	Entry: C:\Users\Sania Mir\OneDrive\Desktop\software\sts-4.26.0.RELEASE\plugins\org.eclipse.m2e.maven.runtime_3.9.900.20240824-1409\jars\plexus-interpolation-1.27.jar
2024-12-23 15:20:15,703 [Worker-27: Launching fusion_backend (1)] INFO  o.eclipse.m2e.core.internal.Bundles - 	Entry: C:\Users\Sania Mir\OneDrive\Desktop\software\sts-4.26.0.RELEASE\plugins\org.eclipse.m2e.maven.runtime_3.9.900.20240824-1409\jars\plexus-sec-dispatcher-2.0.jar
2024-12-23 15:20:15,703 [Worker-27: Launching fusion_backend (1)] INFO  o.eclipse.m2e.core.internal.Bundles - 	Entry: C:\Users\Sania Mir\OneDrive\Desktop\software\sts-4.26.0.RELEASE\plugins\org.eclipse.m2e.maven.runtime_3.9.900.20240824-1409\jars\plexus-utils-3.5.1.jar
2024-12-23 15:20:15,704 [Worker-27: Launching fusion_backend (1)] INFO  o.eclipse.m2e.core.internal.Bundles - 	Entry: C:\Users\Sania Mir\OneDrive\Desktop\software\sts-4.26.0.RELEASE\plugins\org.eclipse.m2e.maven.runtime_3.9.900.20240824-1409\jars\plexus-xml-3.0.1.jar
2024-12-23 15:20:15,704 [Worker-27: Launching fusion_backend (1)] INFO  o.eclipse.m2e.core.internal.Bundles - 	Entry: C:\Users\Sania Mir\OneDrive\Desktop\software\sts-4.26.0.RELEASE\plugins\org.eclipse.m2e.maven.runtime_3.9.900.20240824-1409\jars\wagon-file-3.5.3.jar
2024-12-23 15:20:15,704 [Worker-27: Launching fusion_backend (1)] INFO  o.eclipse.m2e.core.internal.Bundles - 	Entry: C:\Users\Sania Mir\OneDrive\Desktop\software\sts-4.26.0.RELEASE\plugins\org.eclipse.m2e.maven.runtime_3.9.900.20240824-1409\jars\wagon-http-3.5.3.jar
2024-12-23 15:20:15,704 [Worker-27: Launching fusion_backend (1)] INFO  o.eclipse.m2e.core.internal.Bundles - 	Entry: C:\Users\Sania Mir\OneDrive\Desktop\software\sts-4.26.0.RELEASE\plugins\org.eclipse.m2e.maven.runtime_3.9.900.20240824-1409\jars\wagon-http-shared-3.5.3.jar
2024-12-23 15:20:15,704 [Worker-27: Launching fusion_backend (1)] INFO  o.eclipse.m2e.core.internal.Bundles - 	Entry: C:\Users\Sania Mir\OneDrive\Desktop\software\sts-4.26.0.RELEASE\plugins\org.eclipse.m2e.maven.runtime_3.9.900.20240824-1409\jars\wagon-provider-api-3.5.3.jar
2024-12-23 15:20:15,704 [Worker-27: Launching fusion_backend (1)] INFO  o.eclipse.m2e.core.internal.Bundles - getClasspathEntries(Bundle=com.google.guava_33.3.0.jre [29])
2024-12-23 15:20:15,705 [Worker-27: Launching fusion_backend (1)] INFO  o.eclipse.m2e.core.internal.Bundles - 	Entry: C:\Users\Sania Mir\OneDrive\Desktop\software\sts-4.26.0.RELEASE\plugins\com.google.guava_33.3.0.jre.jar
2024-12-23 15:20:15,705 [Worker-27: Launching fusion_backend (1)] INFO  o.eclipse.m2e.core.internal.Bundles - getClasspathEntries(Bundle=slf4j.api_2.0.16 [593])
2024-12-23 15:20:15,705 [Worker-27: Launching fusion_backend (1)] INFO  o.eclipse.m2e.core.internal.Bundles - 	Entry: C:\Users\Sania Mir\OneDrive\Desktop\software\sts-4.26.0.RELEASE\plugins\slf4j.api_2.0.16.jar
2024-12-23 15:20:15,705 [Worker-27: Launching fusion_backend (1)] INFO  o.eclipse.m2e.core.internal.Bundles - getClasspathEntries(Bundle=jakarta.inject.jakarta.inject-api_1.0.5 [45])
2024-12-23 15:20:15,705 [Worker-27: Launching fusion_backend (1)] INFO  o.eclipse.m2e.core.internal.Bundles - 	Entry: C:\Users\Sania Mir\OneDrive\Desktop\software\sts-4.26.0.RELEASE\plugins\jakarta.inject.jakarta.inject-api_1.0.5.jar
2024-12-23 15:20:15,705 [Worker-27: Launching fusion_backend (1)] INFO  o.eclipse.m2e.core.internal.Bundles - getClasspathEntries(Bundle=jakarta.annotation-api_1.3.5 [41])
2024-12-23 15:20:15,706 [Worker-27: Launching fusion_backend (1)] INFO  o.eclipse.m2e.core.internal.Bundles - 	Entry: C:\Users\Sania Mir\OneDrive\Desktop\software\sts-4.26.0.RELEASE\plugins\jakarta.annotation-api_1.3.5.jar
2024-12-23 15:20:15,706 [Worker-27: Launching fusion_backend (1)] INFO  o.eclipse.m2e.core.internal.Bundles - getClasspathEntries(Bundle=org.apache.commons.cli_1.9.0 [77])
2024-12-23 15:20:15,706 [Worker-27: Launching fusion_backend (1)] INFO  o.eclipse.m2e.core.internal.Bundles - 	Entry: C:\Users\Sania Mir\OneDrive\Desktop\software\sts-4.26.0.RELEASE\plugins\org.apache.commons.cli_1.9.0.jar
2024-12-23 15:20:15,706 [Worker-27: Launching fusion_backend (1)] INFO  o.eclipse.m2e.core.internal.Bundles - getClasspathEntries(Bundle=org.apache.commons.commons-codec_1.16.0 [80])
2024-12-23 15:20:15,706 [Worker-27: Launching fusion_backend (1)] INFO  o.eclipse.m2e.core.internal.Bundles - 	Entry: C:\Users\Sania Mir\OneDrive\Desktop\software\sts-4.26.0.RELEASE\plugins\org.apache.commons.commons-codec_1.16.0.jar
2024-12-23 15:20:15,706 [Worker-27: Launching fusion_backend (1)] INFO  o.eclipse.m2e.core.internal.Bundles - getClasspathEntries(Bundle=com.google.guava.failureaccess_1.0.2 [30])
2024-12-23 15:20:15,706 [Worker-27: Launching fusion_backend (1)] INFO  o.eclipse.m2e.core.internal.Bundles - 	Entry: C:\Users\Sania Mir\OneDrive\Desktop\software\sts-4.26.0.RELEASE\plugins\com.google.guava.failureaccess_1.0.2.jar
2024-12-23 15:20:15,708 [Worker-27: Launching fusion_backend (1)] INFO  o.e.m.i.launch.MavenLaunchDelegate - Run build in "C:\Users\Sania Mir\OneDrive\Desktop\clone\fusion_backend":
2024-12-23 15:20:15,708 [Worker-27: Launching fusion_backend (1)] INFO  o.e.m.i.launch.MavenLaunchDelegate -  mvn  -B -Dstyle.color=always clean install
2024-12-23 15:32:22,312 [Worker-37: Building] INFO  o.a.m.s.f.DefaultMavenResourcesFiltering - Copying 1 resource from src\main\resources to target\classes
2024-12-23 15:32:22,337 [Worker-37: Building] INFO  o.a.m.s.f.DefaultMavenResourcesFiltering - Copying 0 resource from src\main\resources to target\classes
2024-12-23 15:32:22,342 [Worker-37: Building] INFO  o.a.m.s.f.DefaultMavenResourcesFiltering - skip non existing resourceDirectory C:\Users\Sania Mir\OneDrive\Desktop\clone\fusion_backend\src\test\resources
2024-12-23 15:32:41,398 [Worker-28: Building] INFO  o.a.m.s.f.DefaultMavenResourcesFiltering - Copying 1 resource from src\main\resources to target\classes
2024-12-23 15:32:41,413 [Worker-28: Building] INFO  o.a.m.s.f.DefaultMavenResourcesFiltering - Copying 0 resource from src\main\resources to target\classes
2024-12-23 15:32:41,417 [Worker-28: Building] INFO  o.a.m.s.f.DefaultMavenResourcesFiltering - skip non existing resourceDirectory C:\Users\Sania Mir\OneDrive\Desktop\clone\fusion_backend\src\test\resources
2024-12-23 15:33:14,220 [Worker-33: Building] INFO  o.a.m.s.f.DefaultMavenResourcesFiltering - Copying 1 resource from src\main\resources to target\classes
2024-12-23 15:33:14,227 [Worker-33: Building] INFO  o.a.m.s.f.DefaultMavenResourcesFiltering - Copying 0 resource from src\main\resources to target\classes
2024-12-23 15:33:14,231 [Worker-33: Building] INFO  o.a.m.s.f.DefaultMavenResourcesFiltering - skip non existing resourceDirectory C:\Users\Sania Mir\OneDrive\Desktop\clone\fusion_backend\src\test\resources
2024-12-23 15:33:51,045 [Worker-35: Building] INFO  o.a.m.s.f.DefaultMavenResourcesFiltering - Copying 1 resource from src\main\resources to target\classes
2024-12-23 15:33:51,058 [Worker-35: Building] INFO  o.a.m.s.f.DefaultMavenResourcesFiltering - Copying 0 resource from src\main\resources to target\classes
2024-12-23 15:33:51,060 [Worker-35: Building] INFO  o.a.m.s.f.DefaultMavenResourcesFiltering - skip non existing resourceDirectory C:\Users\Sania Mir\OneDrive\Desktop\clone\fusion_backend\src\test\resources
2024-12-23 15:34:28,072 [Start Help Server] INFO  org.eclipse.jetty.server.Server - jetty-12.0.12; built: 2024-07-25T21:58:37.668Z; git: cc6f1b74db755fed228b50701ad967aeaa68e83f; jvm 21.0.4+7-LTS
2024-12-23 15:34:28,175 [Start Help Server] INFO  o.e.j.server.handler.ContextHandler - Started oeje8n.ContextHandler$CoreContextHandler@618f80ae{/help,/help,b=null,a=AVAILABLE,h=oeje8n.ContextHandler$CoreContextHandler$CoreToNestedHandler@6953c459{STARTED}}
2024-12-23 15:34:28,176 [Start Help Server] INFO  o.e.j.s.DefaultSessionIdManager - Session workerName=node0
2024-12-23 15:34:28,205 [Start Help Server] INFO  o.e.jetty.server.AbstractConnector - Started ServerConnector@7d4f68a8{HTTP/1.1, (http/1.1)}{127.0.0.1:59709}
2024-12-23 15:34:28,232 [Start Help Server] INFO  org.eclipse.jetty.server.Server - Started oejs.Server@65623641{STARTING}[12.0.12,sto=0] @3916652ms
2024-12-23 15:34:33,170 [Worker-33: Building] INFO  o.a.m.s.f.DefaultMavenResourcesFiltering - Copying 1 resource from src\main\resources to target\classes
2024-12-23 15:34:33,173 [Worker-33: Building] INFO  o.a.m.s.f.DefaultMavenResourcesFiltering - Copying 0 resource from src\main\resources to target\classes
2024-12-23 15:34:33,175 [Worker-33: Building] INFO  o.a.m.s.f.DefaultMavenResourcesFiltering - skip non existing resourceDirectory C:\Users\Sania Mir\OneDrive\Desktop\clone\fusion_backend\src\test\resources
2024-12-23 15:34:46,365 [Worker-28: Building] INFO  o.a.m.s.f.DefaultMavenResourcesFiltering - Copying 1 resource from src\main\resources to target\classes
2024-12-23 15:34:46,371 [Worker-28: Building] INFO  o.a.m.s.f.DefaultMavenResourcesFiltering - Copying 0 resource from src\main\resources to target\classes
2024-12-23 15:34:46,375 [Worker-28: Building] INFO  o.a.m.s.f.DefaultMavenResourcesFiltering - skip non existing resourceDirectory C:\Users\Sania Mir\OneDrive\Desktop\clone\fusion_backend\src\test\resources
2024-12-23 15:37:12,832 [Worker-28: Building] INFO  o.a.m.s.f.DefaultMavenResourcesFiltering - Copying 1 resource from src\main\resources to target\classes
2024-12-23 15:37:12,838 [Worker-28: Building] INFO  o.a.m.s.f.DefaultMavenResourcesFiltering - Copying 0 resource from src\main\resources to target\classes
2024-12-23 15:37:12,842 [Worker-28: Building] INFO  o.a.m.s.f.DefaultMavenResourcesFiltering - skip non existing resourceDirectory C:\Users\Sania Mir\OneDrive\Desktop\clone\fusion_backend\src\test\resources
2024-12-23 15:37:45,133 [Worker-28: Building] INFO  o.a.m.s.f.DefaultMavenResourcesFiltering - Copying 1 resource from src\main\resources to target\classes
2024-12-23 15:37:45,140 [Worker-28: Building] INFO  o.a.m.s.f.DefaultMavenResourcesFiltering - Copying 0 resource from src\main\resources to target\classes
2024-12-23 15:37:45,144 [Worker-28: Building] INFO  o.a.m.s.f.DefaultMavenResourcesFiltering - skip non existing resourceDirectory C:\Users\Sania Mir\OneDrive\Desktop\clone\fusion_backend\src\test\resources
2024-12-23 15:39:08,875 [Worker-38: Building] INFO  o.a.m.s.f.DefaultMavenResourcesFiltering - Copying 1 resource from src\main\resources to target\classes
2024-12-23 15:39:08,881 [Worker-38: Building] INFO  o.a.m.s.f.DefaultMavenResourcesFiltering - Copying 0 resource from src\main\resources to target\classes
2024-12-23 15:39:08,883 [Worker-38: Building] INFO  o.a.m.s.f.DefaultMavenResourcesFiltering - skip non existing resourceDirectory C:\Users\Sania Mir\OneDrive\Desktop\clone\fusion_backend\src\test\resources
2024-12-23 15:39:36,221 [Worker-36: Building] INFO  o.a.m.s.f.DefaultMavenResourcesFiltering - Copying 1 resource from src\main\resources to target\classes
2024-12-23 15:39:36,226 [Worker-36: Building] INFO  o.a.m.s.f.DefaultMavenResourcesFiltering - Copying 0 resource from src\main\resources to target\classes
2024-12-23 15:39:36,229 [Worker-36: Building] INFO  o.a.m.s.f.DefaultMavenResourcesFiltering - skip non existing resourceDirectory C:\Users\Sania Mir\OneDrive\Desktop\clone\fusion_backend\src\test\resources
2024-12-23 15:41:03,226 [Worker-28: Building] INFO  o.a.m.s.f.DefaultMavenResourcesFiltering - Copying 1 resource from src\main\resources to target\classes
2024-12-23 15:41:03,232 [Worker-28: Building] INFO  o.a.m.s.f.DefaultMavenResourcesFiltering - Copying 0 resource from src\main\resources to target\classes
2024-12-23 15:41:03,235 [Worker-28: Building] INFO  o.a.m.s.f.DefaultMavenResourcesFiltering - skip non existing resourceDirectory C:\Users\Sania Mir\OneDrive\Desktop\clone\fusion_backend\src\test\resources
2024-12-23 15:41:17,289 [Worker-38: Building] INFO  o.a.m.s.f.DefaultMavenResourcesFiltering - Copying 1 resource from src\main\resources to target\classes
2024-12-23 15:41:17,332 [Worker-38: Building] INFO  o.a.m.s.f.DefaultMavenResourcesFiltering - Copying 0 resource from src\main\resources to target\classes
2024-12-23 15:41:17,337 [Worker-38: Building] INFO  o.a.m.s.f.DefaultMavenResourcesFiltering - skip non existing resourceDirectory C:\Users\Sania Mir\OneDrive\Desktop\clone\fusion_backend\src\test\resources
2024-12-23 15:42:59,260 [Stop Help Server] INFO  org.eclipse.jetty.server.Server - Stopped oejs.Server@65623641{STOPPING}[12.0.12,sto=0]
2024-12-23 15:42:59,263 [Stop Help Server] INFO  o.e.jetty.server.AbstractConnector - Stopped ServerConnector@7d4f68a8{HTTP/1.1, (http/1.1)}{127.0.0.1:0}
2024-12-24 14:14:17,788 [Worker-4: Loading available Gradle versions] INFO  o.e.b.c.i.u.g.PublishedGradleVersions - Gradle version information cache is up-to-date. Trying to read.
2024-12-24 14:17:54,477 [Worker-11: Building] INFO  o.a.m.s.f.DefaultMavenResourcesFiltering - Copying 1 resource from src\main\resources to target\classes
2024-12-24 14:17:54,506 [Worker-11: Building] INFO  o.a.m.s.f.DefaultMavenResourcesFiltering - Copying 0 resource from src\main\resources to target\classes
2024-12-24 14:17:54,515 [Worker-11: Building] INFO  o.a.m.s.f.DefaultMavenResourcesFiltering - skip non existing resourceDirectory C:\Users\Sania Mir\OneDrive\Desktop\clone\fusion_backend\src\test\resources
2024-12-24 14:18:15,638 [Start Help Server] INFO  org.eclipse.jetty.server.Server - jetty-12.0.12; built: 2024-07-25T21:58:37.668Z; git: cc6f1b74db755fed228b50701ad967aeaa68e83f; jvm 21.0.4+7-LTS
2024-12-24 14:18:15,695 [Start Help Server] INFO  o.e.j.server.handler.ContextHandler - Started oeje8n.ContextHandler$CoreContextHandler@581132b2{/help,/help,b=null,a=AVAILABLE,h=oeje8n.ContextHandler$CoreContextHandler$CoreToNestedHandler@2b9cfca7{STARTED}}
2024-12-24 14:18:15,696 [Start Help Server] INFO  o.e.j.s.DefaultSessionIdManager - Session workerName=node0
2024-12-24 14:18:15,723 [Start Help Server] INFO  o.e.jetty.server.AbstractConnector - Started ServerConnector@61c46313{HTTP/1.1, (http/1.1)}{127.0.0.1:60883}
2024-12-24 14:18:15,742 [Start Help Server] INFO  org.eclipse.jetty.server.Server - Started oejs.Server@47ce740b{STARTING}[12.0.12,sto=0] @248258ms
2024-12-24 14:24:18,879 [Worker-11: Building] INFO  o.a.m.s.f.DefaultMavenResourcesFiltering - Copying 1 resource from src\main\resources to target\classes
2024-12-24 14:24:18,886 [Worker-11: Building] INFO  o.a.m.s.f.DefaultMavenResourcesFiltering - Copying 0 resource from src\main\resources to target\classes
2024-12-24 14:24:18,891 [Worker-11: Building] INFO  o.a.m.s.f.DefaultMavenResourcesFiltering - skip non existing resourceDirectory C:\Users\Sania Mir\OneDrive\Desktop\clone\fusion_backend\src\test\resources
2024-12-24 14:25:56,123 [Worker-13: Building] INFO  o.a.m.s.f.DefaultMavenResourcesFiltering - Copying 1 resource from src\main\resources to target\classes
2024-12-24 14:25:56,128 [Worker-13: Building] INFO  o.a.m.s.f.DefaultMavenResourcesFiltering - Copying 0 resource from src\main\resources to target\classes
2024-12-24 14:25:56,132 [Worker-13: Building] INFO  o.a.m.s.f.DefaultMavenResourcesFiltering - skip non existing resourceDirectory C:\Users\Sania Mir\OneDrive\Desktop\clone\fusion_backend\src\test\resources
2024-12-24 14:26:20,719 [Worker-14: Building] INFO  o.a.m.s.f.DefaultMavenResourcesFiltering - Copying 1 resource from src\main\resources to target\classes
2024-12-24 14:26:20,724 [Worker-14: Building] INFO  o.a.m.s.f.DefaultMavenResourcesFiltering - Copying 0 resource from src\main\resources to target\classes
2024-12-24 14:26:20,727 [Worker-14: Building] INFO  o.a.m.s.f.DefaultMavenResourcesFiltering - skip non existing resourceDirectory C:\Users\Sania Mir\OneDrive\Desktop\clone\fusion_backend\src\test\resources
2024-12-24 14:28:26,876 [Worker-21: Building] INFO  o.a.m.s.f.DefaultMavenResourcesFiltering - Copying 1 resource from src\main\resources to target\classes
2024-12-24 14:28:26,881 [Worker-21: Building] INFO  o.a.m.s.f.DefaultMavenResourcesFiltering - Copying 0 resource from src\main\resources to target\classes
2024-12-24 14:28:26,884 [Worker-21: Building] INFO  o.a.m.s.f.DefaultMavenResourcesFiltering - skip non existing resourceDirectory C:\Users\Sania Mir\OneDrive\Desktop\clone\fusion_backend\src\test\resources
2024-12-24 14:28:35,920 [Worker-17: Building] INFO  o.a.m.s.f.DefaultMavenResourcesFiltering - Copying 1 resource from src\main\resources to target\classes
2024-12-24 14:28:35,925 [Worker-17: Building] INFO  o.a.m.s.f.DefaultMavenResourcesFiltering - Copying 0 resource from src\main\resources to target\classes
2024-12-24 14:28:35,929 [Worker-17: Building] INFO  o.a.m.s.f.DefaultMavenResourcesFiltering - skip non existing resourceDirectory C:\Users\Sania Mir\OneDrive\Desktop\clone\fusion_backend\src\test\resources
2024-12-24 14:29:09,468 [Worker-22: Building] INFO  o.a.m.s.f.DefaultMavenResourcesFiltering - Copying 1 resource from src\main\resources to target\classes
2024-12-24 14:29:09,473 [Worker-22: Building] INFO  o.a.m.s.f.DefaultMavenResourcesFiltering - Copying 0 resource from src\main\resources to target\classes
2024-12-24 14:29:09,476 [Worker-22: Building] INFO  o.a.m.s.f.DefaultMavenResourcesFiltering - skip non existing resourceDirectory C:\Users\Sania Mir\OneDrive\Desktop\clone\fusion_backend\src\test\resources
2024-12-24 14:38:11,718 [Worker-29: Building] INFO  o.a.m.s.f.DefaultMavenResourcesFiltering - Copying 1 resource from src\main\resources to target\classes
2024-12-24 14:38:11,721 [Worker-29: Building] INFO  o.a.m.s.f.DefaultMavenResourcesFiltering - Copying 0 resource from src\main\resources to target\classes
2024-12-24 14:38:11,721 [Worker-29: Building] INFO  o.a.m.s.f.DefaultMavenResourcesFiltering - skip non existing resourceDirectory C:\Users\Sania Mir\OneDrive\Desktop\clone\fusion_backend\src\test\resources
2024-12-24 14:42:22,124 [Worker-25: Building] INFO  o.a.m.s.f.DefaultMavenResourcesFiltering - Copying 1 resource from src\main\resources to target\classes
2024-12-24 14:42:22,128 [Worker-25: Building] INFO  o.a.m.s.f.DefaultMavenResourcesFiltering - Copying 0 resource from src\main\resources to target\classes
2024-12-24 14:42:22,131 [Worker-25: Building] INFO  o.a.m.s.f.DefaultMavenResourcesFiltering - skip non existing resourceDirectory C:\Users\Sania Mir\OneDrive\Desktop\clone\fusion_backend\src\test\resources
2024-12-24 14:52:13,491 [Worker-32: Building] INFO  o.a.m.s.f.DefaultMavenResourcesFiltering - Copying 1 resource from src\main\resources to target\classes
2024-12-24 14:52:13,498 [Worker-32: Building] INFO  o.a.m.s.f.DefaultMavenResourcesFiltering - Copying 0 resource from src\main\resources to target\classes
2024-12-24 14:52:13,500 [Worker-32: Building] INFO  o.a.m.s.f.DefaultMavenResourcesFiltering - skip non existing resourceDirectory C:\Users\Sania Mir\OneDrive\Desktop\clone\fusion_backend\src\test\resources
2024-12-24 14:52:30,526 [Worker-35: Building] INFO  o.a.m.s.f.DefaultMavenResourcesFiltering - Copying 1 resource from src\main\resources to target\classes
2024-12-24 14:52:30,531 [Worker-35: Building] INFO  o.a.m.s.f.DefaultMavenResourcesFiltering - Copying 0 resource from src\main\resources to target\classes
2024-12-24 14:52:30,534 [Worker-35: Building] INFO  o.a.m.s.f.DefaultMavenResourcesFiltering - skip non existing resourceDirectory C:\Users\Sania Mir\OneDrive\Desktop\clone\fusion_backend\src\test\resources
2024-12-24 14:52:41,992 [Worker-20: Building] INFO  o.a.m.s.f.DefaultMavenResourcesFiltering - Copying 1 resource from src\main\resources to target\classes
2024-12-24 14:52:41,996 [Worker-20: Building] INFO  o.a.m.s.f.DefaultMavenResourcesFiltering - Copying 0 resource from src\main\resources to target\classes
2024-12-24 14:52:41,999 [Worker-20: Building] INFO  o.a.m.s.f.DefaultMavenResourcesFiltering - skip non existing resourceDirectory C:\Users\Sania Mir\OneDrive\Desktop\clone\fusion_backend\src\test\resources
2024-12-24 14:52:52,769 [Worker-31: Building] INFO  o.a.m.s.f.DefaultMavenResourcesFiltering - Copying 1 resource from src\main\resources to target\classes
2024-12-24 14:52:52,773 [Worker-31: Building] INFO  o.a.m.s.f.DefaultMavenResourcesFiltering - Copying 0 resource from src\main\resources to target\classes
2024-12-24 14:52:52,777 [Worker-31: Building] INFO  o.a.m.s.f.DefaultMavenResourcesFiltering - skip non existing resourceDirectory C:\Users\Sania Mir\OneDrive\Desktop\clone\fusion_backend\src\test\resources
2024-12-24 14:53:07,185 [Worker-36: Building] INFO  o.a.m.s.f.DefaultMavenResourcesFiltering - Copying 1 resource from src\main\resources to target\classes
2024-12-24 14:53:07,188 [Worker-36: Building] INFO  o.a.m.s.f.DefaultMavenResourcesFiltering - Copying 0 resource from src\main\resources to target\classes
2024-12-24 14:53:07,192 [Worker-36: Building] INFO  o.a.m.s.f.DefaultMavenResourcesFiltering - skip non existing resourceDirectory C:\Users\Sania Mir\OneDrive\Desktop\clone\fusion_backend\src\test\resources
2024-12-24 14:53:18,725 [Worker-31: Building] INFO  o.a.m.s.f.DefaultMavenResourcesFiltering - Copying 1 resource from src\main\resources to target\classes
2024-12-24 14:53:18,731 [Worker-31: Building] INFO  o.a.m.s.f.DefaultMavenResourcesFiltering - Copying 0 resource from src\main\resources to target\classes
2024-12-24 14:53:18,734 [Worker-31: Building] INFO  o.a.m.s.f.DefaultMavenResourcesFiltering - skip non existing resourceDirectory C:\Users\Sania Mir\OneDrive\Desktop\clone\fusion_backend\src\test\resources
2024-12-24 14:53:29,928 [Worker-35: Building] INFO  o.a.m.s.f.DefaultMavenResourcesFiltering - Copying 1 resource from src\main\resources to target\classes
2024-12-24 14:53:29,933 [Worker-35: Building] INFO  o.a.m.s.f.DefaultMavenResourcesFiltering - Copying 0 resource from src\main\resources to target\classes
2024-12-24 14:53:29,936 [Worker-35: Building] INFO  o.a.m.s.f.DefaultMavenResourcesFiltering - skip non existing resourceDirectory C:\Users\Sania Mir\OneDrive\Desktop\clone\fusion_backend\src\test\resources
2024-12-24 14:53:38,327 [Worker-34: Building] INFO  o.a.m.s.f.DefaultMavenResourcesFiltering - Copying 1 resource from src\main\resources to target\classes
2024-12-24 14:53:38,331 [Worker-34: Building] INFO  o.a.m.s.f.DefaultMavenResourcesFiltering - Copying 0 resource from src\main\resources to target\classes
2024-12-24 14:53:38,334 [Worker-34: Building] INFO  o.a.m.s.f.DefaultMavenResourcesFiltering - skip non existing resourceDirectory C:\Users\Sania Mir\OneDrive\Desktop\clone\fusion_backend\src\test\resources
2024-12-24 14:53:48,558 [Worker-34: Building] INFO  o.a.m.s.f.DefaultMavenResourcesFiltering - Copying 1 resource from src\main\resources to target\classes
2024-12-24 14:53:48,566 [Worker-34: Building] INFO  o.a.m.s.f.DefaultMavenResourcesFiltering - Copying 0 resource from src\main\resources to target\classes
2024-12-24 14:53:48,569 [Worker-34: Building] INFO  o.a.m.s.f.DefaultMavenResourcesFiltering - skip non existing resourceDirectory C:\Users\Sania Mir\OneDrive\Desktop\clone\fusion_backend\src\test\resources
2024-12-24 14:53:58,970 [Worker-35: Building] INFO  o.a.m.s.f.DefaultMavenResourcesFiltering - Copying 1 resource from src\main\resources to target\classes
2024-12-24 14:53:58,976 [Worker-35: Building] INFO  o.a.m.s.f.DefaultMavenResourcesFiltering - Copying 0 resource from src\main\resources to target\classes
2024-12-24 14:53:58,979 [Worker-35: Building] INFO  o.a.m.s.f.DefaultMavenResourcesFiltering - skip non existing resourceDirectory C:\Users\Sania Mir\OneDrive\Desktop\clone\fusion_backend\src\test\resources
2024-12-24 14:54:10,488 [Worker-20: Building] INFO  o.a.m.s.f.DefaultMavenResourcesFiltering - Copying 1 resource from src\main\resources to target\classes
2024-12-24 14:54:10,493 [Worker-20: Building] INFO  o.a.m.s.f.DefaultMavenResourcesFiltering - Copying 0 resource from src\main\resources to target\classes
2024-12-24 14:54:10,496 [Worker-20: Building] INFO  o.a.m.s.f.DefaultMavenResourcesFiltering - skip non existing resourceDirectory C:\Users\Sania Mir\OneDrive\Desktop\clone\fusion_backend\src\test\resources
2024-12-24 14:54:21,525 [Worker-32: Building] INFO  o.a.m.s.f.DefaultMavenResourcesFiltering - Copying 1 resource from src\main\resources to target\classes
2024-12-24 14:54:21,531 [Worker-32: Building] INFO  o.a.m.s.f.DefaultMavenResourcesFiltering - Copying 0 resource from src\main\resources to target\classes
2024-12-24 14:54:21,534 [Worker-32: Building] INFO  o.a.m.s.f.DefaultMavenResourcesFiltering - skip non existing resourceDirectory C:\Users\Sania Mir\OneDrive\Desktop\clone\fusion_backend\src\test\resources
2024-12-24 14:54:38,828 [Worker-31: Building] INFO  o.a.m.s.f.DefaultMavenResourcesFiltering - Copying 1 resource from src\main\resources to target\classes
2024-12-24 14:54:38,831 [Worker-31: Building] INFO  o.a.m.s.f.DefaultMavenResourcesFiltering - Copying 0 resource from src\main\resources to target\classes
2024-12-24 14:54:38,833 [Worker-31: Building] INFO  o.a.m.s.f.DefaultMavenResourcesFiltering - skip non existing resourceDirectory C:\Users\Sania Mir\OneDrive\Desktop\clone\fusion_backend\src\test\resources
2024-12-24 14:54:54,051 [Worker-35: Building] INFO  o.a.m.s.f.DefaultMavenResourcesFiltering - Copying 1 resource from src\main\resources to target\classes
2024-12-24 14:54:54,056 [Worker-35: Building] INFO  o.a.m.s.f.DefaultMavenResourcesFiltering - Copying 0 resource from src\main\resources to target\classes
2024-12-24 14:54:54,060 [Worker-35: Building] INFO  o.a.m.s.f.DefaultMavenResourcesFiltering - skip non existing resourceDirectory C:\Users\Sania Mir\OneDrive\Desktop\clone\fusion_backend\src\test\resources
2024-12-24 14:55:59,934 [Worker-36: Building] INFO  o.a.m.s.f.DefaultMavenResourcesFiltering - Copying 1 resource from src\main\resources to target\classes
2024-12-24 14:55:59,939 [Worker-36: Building] INFO  o.a.m.s.f.DefaultMavenResourcesFiltering - Copying 0 resource from src\main\resources to target\classes
2024-12-24 14:55:59,942 [Worker-36: Building] INFO  o.a.m.s.f.DefaultMavenResourcesFiltering - skip non existing resourceDirectory C:\Users\Sania Mir\OneDrive\Desktop\clone\fusion_backend\src\test\resources
2024-12-24 15:10:39,046 [Worker-37: Building] INFO  o.a.m.s.f.DefaultMavenResourcesFiltering - Copying 1 resource from src\main\resources to target\classes
2024-12-24 15:10:39,053 [Worker-37: Building] INFO  o.a.m.s.f.DefaultMavenResourcesFiltering - Copying 0 resource from src\main\resources to target\classes
2024-12-24 15:10:39,056 [Worker-37: Building] INFO  o.a.m.s.f.DefaultMavenResourcesFiltering - skip non existing resourceDirectory C:\Users\Sania Mir\OneDrive\Desktop\clone\fusion_backend\src\test\resources
2024-12-24 15:36:01,154 [Worker-50: Building] INFO  o.a.m.s.f.DefaultMavenResourcesFiltering - Copying 1 resource from src\main\resources to target\classes
2024-12-24 15:36:01,167 [Worker-50: Building] INFO  o.a.m.s.f.DefaultMavenResourcesFiltering - Copying 0 resource from src\main\resources to target\classes
2024-12-24 15:36:01,170 [Worker-50: Building] INFO  o.a.m.s.f.DefaultMavenResourcesFiltering - skip non existing resourceDirectory C:\Users\Sania Mir\OneDrive\Desktop\clone\fusion_backend\src\test\resources
2024-12-24 15:36:06,767 [Worker-47: Building] INFO  o.a.m.s.f.DefaultMavenResourcesFiltering - Copying 1 resource from src\main\resources to target\classes
2024-12-24 15:36:06,780 [Worker-47: Building] INFO  o.a.m.s.f.DefaultMavenResourcesFiltering - Copying 0 resource from src\main\resources to target\classes
2024-12-24 15:36:06,784 [Worker-47: Building] INFO  o.a.m.s.f.DefaultMavenResourcesFiltering - skip non existing resourceDirectory C:\Users\Sania Mir\OneDrive\Desktop\clone\fusion_backend\src\test\resources
2024-12-24 15:57:34,838 [Stop Help Server] INFO  org.eclipse.jetty.server.Server - Stopped oejs.Server@47ce740b{STOPPING}[12.0.12,sto=0]
2024-12-24 15:57:34,854 [Stop Help Server] INFO  o.e.jetty.server.AbstractConnector - Stopped ServerConnector@61c46313{HTTP/1.1, (http/1.1)}{127.0.0.1:0}
2025-01-24 16:17:05,565 [Worker-3: Loading available Gradle versions] INFO  o.e.b.c.i.u.g.PublishedGradleVersions - Gradle version information cache is out-of-date. Trying to update.
2025-06-18 10:45:34,028 [Worker-3: Loading available Gradle versions] INFO  o.e.b.c.i.u.g.PublishedGradleVersions - Gradle version information cache is out-of-date. Trying to update.
